0 info it worked if it ends with ok
1 verbose cli [ '/usr/bin/nodejs', '/usr/bin/npm', 'install', 'ejs' ]
2 info using npm@2.14.12
3 info using node@v4.2.6
4 verbose install initial load of /media/thoshh/Ext/a Github Repo/Github/bone.apps/package.json
5 verbose stack Error: Failed to parse json
5 verbose stack Unexpected end of input at 19:2
5 verbose stack
5 verbose stack ^
5 verbose stack     at parseError (/usr/lib/node_modules/npm/node_modules/read-package-json/read-json.js:379:11)
5 verbose stack     at parseJson (/usr/lib/node_modules/npm/node_modules/read-package-json/read-json.js:68:23)
5 verbose stack     at /usr/lib/node_modules/npm/node_modules/read-package-json/read-json.js:48:5
5 verbose stack     at /usr/lib/node_modules/npm/node_modules/graceful-fs/graceful-fs.js:76:16
5 verbose stack     at FSReqWrap.readFileAfterClose [as oncomplete] (fs.js:380:3)
6 verbose cwd /media/thoshh/Ext/a Github Repo/Github/bone.apps
7 error Linux 3.16.0-30-generic
8 error argv "/usr/bin/nodejs" "/usr/bin/npm" "install" "ejs"
9 error node v4.2.6
10 error npm  v2.14.12
11 error file /media/thoshh/Ext/a Github Repo/Github/bone.apps/package.json
12 error code EJSONPARSE
13 error Failed to parse json
13 error Unexpected end of input at 19:2
13 error
13 error ^
14 error File: /media/thoshh/Ext/a Github Repo/Github/bone.apps/package.json
15 error Failed to parse package.json data.
15 error package.json must be actual JSON, not just JavaScript.
15 error
15 error This is not a bug in npm.
15 error Tell the package author to fix their package.json file. JSON.parse
16 verbose exit [ 1, true ]
